TN:
SF:src/TandaPay.sol
FN:32,Context._msgSender
FNDA:3215,Context._msgSender
DA:34,3215
DA:34,3215
FN:35,Context._msgData
FNDA:1,Context._msgData
DA:38,1
DA:38,1
FN:48,ReentrancyGuard.
FNDA:6,ReentrancyGuard.
DA:49,6
DA:49,6
FN:51,ReentrancyGuard.nonReentrant
FNDA:2,ReentrancyGuard.nonReentrant
DA:52,0
DA:52,0
DA:55,0
DA:55,0
FN:56,ReentrancyGuard._nonReentrantBefore
FNDA:13,ReentrancyGuard._nonReentrantBefore
DA:59,13
DA:59,13
BRDA:59,0,0,13
BRDA:59,0,1,-
DA:61,0
DA:61,0
DA:63,13
DA:63,13
FN:64,ReentrancyGuard._nonReentrantAfter
FNDA:7,ReentrancyGuard._nonReentrantAfter
DA:66,7
DA:66,7
FN:69,ReentrancyGuard._reentrancyGuardEntered
FNDA:2,ReentrancyGuard._reentrancyGuardEntered
DA:73,2
DA:73,2
DA:73,2
FN:89,Secretary.
FNDA:6,Secretary.
DA:91,6
DA:91,6
DA:91,6
BRDA:91,0,0,9
BRDA:91,0,1,7
DA:94,4
DA:94,4
DA:95,9
DA:95,9
FN:96,Secretary.onlySecretary
FNDA:5,Secretary.onlySecretary
DA:97,0
DA:97,0
FN:98,Secretary.secretary
FNDA:3224,Secretary.secretary
DA:101,3224
DA:101,3224
FN:104,Secretary.getSecretarySuccessors
FNDA:30,Secretary.getSecretarySuccessors
DA:106,30
DA:106,30
FN:109,Secretary.getUpcomingSecretary
FNDA:15,Secretary.getUpcomingSecretary
DA:110,15
DA:110,15
FN:113,Secretary.getEmergencySecretaries
FNDA:17,Secretary.getEmergencySecretaries
DA:114,17
DA:114,17
FN:117,Secretary.getIsHandingOver
FNDA:8,Secretary.getIsHandingOver
DA:117,8
DA:117,8
FN:118,Secretary.getEmergencyHandOverStartedPeriod
FNDA:12,Secretary.getEmergencyHandOverStartedPeriod
DA:122,12
DA:122,12
FN:125,Secretary.getHandoverStartedAt
FNDA:2,Secretary.getHandoverStartedAt
DA:126,2
DA:126,2
FN:126,Secretary.getEmergencyHandoverStartedAt
FNDA:21,Secretary.getEmergencyHandoverStartedAt
DA:129,21
DA:129,21
FN:131,Secretary._checkSecretary
FNDA:3214,Secretary._checkSecretary
DA:133,3214
DA:133,3214
DA:133,3214
DA:133,3214
BRDA:133,1,0,3201
BRDA:133,1,1,13
DA:134,13
DA:134,13
FN:136,Secretary._transferSecretary
FNDA:13,Secretary._transferSecretary
DA:138,16
DA:138,16
DA:138,16
DA:142,14
DA:142,14
FN:377,TandaPay.
FNDA:2,TandaPay.
DA:380,4
DA:380,4
DA:382,2
DA:382,2
FN:386,TandaPay.addToCommunity
FNDA:1372,TandaPay.addToCommunity
DA:389,1372
DA:389,1372
DA:389,1372
DA:392,4
DA:392,4
BRDA:388,0,0,1370
BRDA:388,0,1,2
DA:396,2
DA:396,2
DA:396,1370
BRDA:396,1,0,1369
BRDA:396,1,1,1
DA:397,1
DA:397,1
DA:398,1369
DA:398,1369
DA:398,1369
DA:401,1369
DA:401,1369
DA:402,1369
DA:402,1369
DA:403,1369
DA:403,1369
DA:404,1369
DA:404,1369
DA:405,1369
DA:405,1369
DA:408,1369
DA:408,1369
FN:409,TandaPay.createSubGroup
FNDA:302,TandaPay.createSubGroup
DA:412,302
DA:412,302
DA:412,302
DA:413,302
DA:413,302
DA:414,302
DA:414,302
FN:415,TandaPay.assignToSubGroup
FNDA:1164,TandaPay.assignToSubGroup
DA:418,1164
DA:418,1164
DA:421,1164
DA:421,1164
DA:423,1164
DA:423,1164
BRDA:423,2,0,1163
BRDA:423,2,1,1
DA:424,1
DA:424,1
DA:425,1163
DA:425,1163
DA:425,1163
BRDA:425,3,0,1162
BRDA:425,3,1,1
DA:428,1
DA:428,1
DA:429,1162
DA:429,1162
DA:431,1162
BRDA:431,4,0,3
BRDA:431,4,1,1
DA:432,4
DA:432,4
BRDA:432,5,0,3
BRDA:432,5,1,1
DA:433,1
DA:433,1
DA:434,3
DA:434,3
DA:436,1158
DA:436,1158
DA:439,3
DA:439,3
DA:442,1161
DA:442,1161
DA:442,1161
DA:443,298
DA:443,298
BRDA:442,6,0,297
BRDA:442,6,1,286
DA:445,297
DA:445,297
BRDA:445,7,0,297
BRDA:445,7,1,286
DA:445,286
DA:447,864
BRDA:447,8,0,864
BRDA:447,8,1,1
DA:448,1
DA:448,1
DA:450,3
DA:450,3
FN:452,TandaPay.joinToCommunity
FNDA:1061,TandaPay.joinToCommunity
DA:452,1061
DA:452,1061
BRDA:452,9,0,1059
BRDA:452,9,1,2
DA:454,2
DA:454,2
DA:455,1059
DA:455,1059
DA:458,1059
DA:458,1059
BRDA:458,10,0,1058
BRDA:458,10,1,1
DA:460,1
DA:460,1
DA:461,1058
DA:461,1058
DA:462,1058
DA:462,1058
DA:465,1058
DA:465,1058
DA:465,1058
DA:468,1058
DA:468,1058
DA:469,1058
DA:469,1058
DA:470,1058
DA:470,1058
DA:473,1058
DA:473,1058
DA:474,1058
DA:474,1058
FN:476,TandaPay.initiatDefaultStateAndSetCoverage
FNDA:98,TandaPay.initiatDefaultStateAndSetCoverage
DA:479,98
DA:479,98
BRDA:479,11,0,97
BRDA:479,11,1,1
DA:480,1
DA:480,1
DA:481,97
DA:481,97
DA:481,97
DA:481,96
BRDA:481,12,0,95
BRDA:481,12,1,2
DA:482,2
DA:482,2
DA:483,95
DA:483,95
DA:483,377
DA:483,377
DA:484,283
DA:484,283
BRDA:484,13,0,282
BRDA:484,13,1,1
DA:485,1
DA:485,1
DA:488,94
DA:488,94
DA:489,94
DA:489,94
DA:490,94
DA:490,94
DA:491,94
DA:491,94
FN:492,TandaPay.approveSubGroupAssignment
FNDA:926,TandaPay.approveSubGroupAssignment
DA:494,926
DA:494,926
DA:498,926
DA:498,926
BRDA:498,14,0,925
BRDA:498,14,1,1
DA:499,1
DA:499,1
DA:500,925
DA:500,925
DA:503,925
BRDA:503,15,0,3
BRDA:503,15,1,920
DA:504,923
DA:504,923
BRDA:504,16,0,3
BRDA:504,16,1,920
DA:505,3
DA:505,3
DA:508,920
DA:508,920
DA:510,2
DA:510,2
DA:512,2
DA:512,2
DA:512,4
DA:513,4
DA:513,4
DA:514,2
DA:514,2
BRDA:513,17,0,2
BRDA:513,17,1,2
DA:516,2
DA:516,2
DA:517,2
DA:517,2
DA:521,2
DA:521,2
DA:522,2
DA:522,2
DA:524,923
DA:524,923
FN:528,TandaPay.approveNewSubgroupMember
FNDA:4,TandaPay.approveNewSubgroupMember
DA:531,4
DA:531,4
DA:533,4
DA:533,4
DA:535,4
DA:535,4
BRDA:535,18,0,3
BRDA:535,18,1,1
DA:535,1
DA:536,3
DA:536,3
DA:537,3
DA:537,3
DA:539,14
DA:539,14
DA:539,14
DA:540,13
DA:540,13
BRDA:540,19,0,11
BRDA:540,19,1,2
DA:542,2
DA:542,2
DA:543,0
DA:543,0
DA:546,2
DA:546,2
BRDA:546,20,0,2
BRDA:546,20,1,1
DA:547,1
DA:547,1
DA:549,2
BRDA:549,21,0,1
BRDA:549,21,1,1
DA:550,1
DA:550,1
DA:551,1
DA:551,1
DA:552,1
DA:552,1
DA:554,2
DA:554,2
FN:557,TandaPay.exitSubGroup
FNDA:12,TandaPay.exitSubGroup
DA:558,12
DA:558,12
DA:561,12
DA:561,12
BRDA:561,22,0,11
BRDA:561,22,1,1
DA:564,1
DA:564,1
DA:566,11
DA:566,11
DA:568,11
DA:568,11
DA:568,11
DA:569,23
DA:569,23
DA:570,23
DA:570,23
DA:570,22
BRDA:570,23,0,12
BRDA:570,23,1,10
DA:572,10
DA:572,10
DA:572,0
DA:572,10
BRDA:572,24,0,10
BRDA:572,24,1,1
DA:575,1
DA:575,1
DA:576,10
DA:576,10
DA:576,10
DA:576,49
DA:577,49
DA:577,49
DA:578,39
DA:578,39
BRDA:578,25,0,39
BRDA:578,25,1,10
DA:579,10
DA:579,10
DA:581,10
DA:581,10
DA:583,10
DA:583,10
BRDA:583,26,0,8
BRDA:583,26,1,2
DA:586,8
DA:586,8
DA:587,2
DA:587,2
DA:588,10
DA:588,10
DA:591,10
DA:591,10
BRDA:590,27,0,21
BRDA:590,27,1,8
DA:593,8
DA:593,8
DA:595,29
DA:595,29
DA:595,29
DA:596,29
DA:596,29
DA:596,21
DA:601,10
DA:601,10
FN:602,TandaPay.whitelistClaim
FNDA:23,TandaPay.whitelistClaim
DA:604,23
DA:604,23
DA:604,23
DA:606,1
DA:606,1
BRDA:604,28,0,22
BRDA:604,28,1,1
DA:608,1
DA:608,1
DA:609,22
DA:609,22
DA:609,22
DA:610,22
DA:610,22
DA:611,21
DA:611,21
BRDA:609,29,0,21
BRDA:609,29,1,1
DA:613,1
DA:613,1
DA:613,21
DA:616,21
DA:616,21
BRDA:616,30,0,20
BRDA:616,30,1,1
DA:619,1
DA:619,1
DA:620,20
DA:620,20
DA:620,20
DA:622,19
DA:622,19
BRDA:619,31,0,19
BRDA:619,31,1,1
DA:628,1
DA:628,1
DA:628,19
DA:629,19
DA:629,19
DA:630,19
DA:630,19
FN:631,TandaPay.defects
FNDA:15,TandaPay.defects
DA:633,15
DA:633,15
DA:635,15
DA:635,15
DA:638,15
DA:638,15
DA:639,15
DA:639,15
BRDA:638,32,0,14
BRDA:638,32,1,1
DA:639,1
DA:640,14
DA:640,14
DA:640,14
DA:641,14
DA:641,14
DA:643,13
DA:643,13
BRDA:640,33,0,13
BRDA:640,33,1,1
DA:646,1
DA:646,1
DA:648,13
DA:648,13
BRDA:647,34,0,12
BRDA:647,34,1,1
DA:651,1
DA:651,1
DA:652,12
DA:652,12
BRDA:652,35,0,3
BRDA:652,35,1,9
DA:653,3
DA:653,3
DA:655,9
DA:655,9
DA:656,9
DA:656,9
DA:659,9
DA:659,9
DA:659,43
DA:660,43
DA:660,43
DA:661,34
DA:661,34
BRDA:660,36,0,34
BRDA:660,36,1,9
DA:664,9
DA:664,9
DA:665,9
DA:665,9
DA:666,9
DA:666,9
DA:667,9
DA:667,9
DA:671,9
DA:671,9
DA:672,9
DA:672,9
DA:675,12
DA:675,12
DA:677,12
DA:677,12
DA:678,3
DA:678,3
DA:679,12
DA:679,12
BRDA:679,37,0,144
BRDA:679,37,1,11
DA:680,12
DA:680,12
DA:681,12
DA:681,12
DA:681,156
DA:681,156
DA:681,156
DA:682,144
DA:682,144
DA:685,144
DA:685,144
BRDA:685,38,0,144
BRDA:685,38,1,11
DA:686,11
DA:686,11
DA:687,12
DA:687,12
BRDA:687,39,0,12
BRDA:687,39,1,2
DA:688,2
DA:688,2
DA:690,12
DA:690,12
DA:692,12
DA:692,12
BRDA:692,40,0,12
BRDA:692,40,1,9
DA:692,9
DA:694,12
DA:694,12
FN:695,TandaPay.payPremium
FNDA:1209,TandaPay.payPremium
DA:696,1209
BRDA:696,41,0,1208
BRDA:696,41,1,1
DA:697,1
DA:697,1
DA:698,1208
DA:698,1208
DA:698,1208
DA:699,45
DA:699,45
BRDA:698,42,0,1207
BRDA:698,42,1,1
DA:700,1
DA:700,1
DA:703,1207
DA:703,1207
BRDA:703,43,0,1206
BRDA:703,43,1,1
DA:704,1207
DA:704,1207
DA:704,1207
DA:704,1207
DA:707,1206
DA:707,1206
BRDA:703,44,0,1206
BRDA:703,44,1,1
DA:709,1
DA:709,1
DA:711,1206
DA:711,1206
DA:714,1206
DA:714,1206
DA:717,1206
DA:717,1206
DA:718,1206
DA:718,1206
BRDA:717,45,0,1205
BRDA:717,45,1,1
DA:719,1
DA:719,1
DA:720,1205
DA:720,1205
BRDA:720,46,0,1204
BRDA:720,46,1,1
DA:723,1
DA:723,1
DA:727,1204
DA:727,1204
DA:727,1204
DA:727,1204
DA:728,1203
DA:728,1203
DA:729,1202
DA:729,1202
BRDA:727,47,0,1202
BRDA:727,47,1,2
DA:730,2
DA:730,2
DA:732,1202
DA:732,1202
DA:733,1202
DA:733,1202
DA:735,1202
DA:735,1202
DA:735,1202
BRDA:735,48,0,1202
BRDA:735,48,1,915
DA:736,915
DA:736,915
DA:737,1202
DA:737,1202
DA:739,1202
BRDA:739,49,0,8
BRDA:739,49,1,284
DA:740,292
DA:740,292
DA:743,292
DA:743,292
DA:745,292
DA:745,292
DA:749,1202
DA:749,1202
BRDA:749,50,0,947
BRDA:749,50,1,-
DA:749,947
DA:752,1202
DA:752,1202
DA:754,1202
DA:754,1202
BRDA:754,51,0,1202
BRDA:754,51,1,915
DA:755,915
DA:755,915
DA:756,1202
DA:756,1202
DA:756,1202
DA:762,1202
DA:762,1202
DA:763,1202
DA:763,1202
BRDA:756,52,0,1202
BRDA:756,52,1,903
DA:764,1202
DA:764,1202
BRDA:763,53,0,1202
BRDA:763,53,1,903
DA:765,903
DA:765,903
DA:766,1202
DA:766,1202
DA:768,1202
DA:768,1202
DA:769,1202
DA:769,1202
FN:771,TandaPay.updateCoverageAmount
FNDA:2,TandaPay.updateCoverageAmount
DA:773,2
DA:773,2
DA:773,2
DA:775,2
DA:775,2
BRDA:773,54,0,1
BRDA:773,54,1,1
DA:777,1
DA:777,1
DA:778,1
DA:778,1
BRDA:778,55,0,1
BRDA:778,55,1,1
DA:778,0
DA:779,1
DA:779,1
DA:779,1
DA:780,1
DA:780,1
DA:781,13
DA:781,13
DA:781,13
DA:782,13
DA:782,13
DA:782,12
BRDA:782,56,0,12
BRDA:782,56,1,12
DA:783,12
DA:783,12
DA:785,1
DA:785,1
DA:786,1
DA:786,1
DA:788,1
DA:788,1
FN:789,TandaPay.defineSecretarySuccessor
FNDA:29,TandaPay.defineSecretarySuccessor
DA:793,29
DA:793,29
DA:793,29
DA:793,20
BRDA:793,57,0,17
BRDA:793,57,1,1
DA:793,18
BRDA:793,58,0,17
BRDA:793,58,1,1
DA:794,1
DA:794,1
DA:796,11
DA:796,11
BRDA:796,59,0,1
BRDA:796,59,1,1
DA:798,2
DA:798,2
BRDA:798,60,0,1
BRDA:798,60,1,1
DA:799,1
DA:799,1
DA:802,27
DA:802,27
DA:802,107
DA:803,107
DA:803,107
DA:803,81
DA:804,81
DA:804,81
DA:804,195
DA:804,195
DA:804,195
DA:804,194
BRDA:804,61,0,114
BRDA:804,61,1,80
DA:808,80
DA:808,80
DA:808,80
DA:809,81
DA:809,81
BRDA:809,62,0,80
BRDA:809,62,1,1
DA:809,1
DA:810,80
DA:810,80
DA:814,26
DA:814,26
FN:815,TandaPay.handoverSecretary
FNDA:10,TandaPay.handoverSecretary
DA:818,10
DA:818,10
DA:818,10
BRDA:817,63,0,8
BRDA:817,63,1,1
DA:819,9
DA:819,9
DA:820,9
DA:820,9
DA:820,11
DA:821,11
DA:821,11
DA:822,10
DA:822,10
BRDA:822,64,0,2
BRDA:822,64,1,8
DA:826,8
DA:826,8
DA:826,0
DA:828,8
DA:828,8
BRDA:828,65,0,8
BRDA:828,65,1,1
DA:828,1
DA:829,9
DA:829,9
DA:830,9
DA:830,9
DA:831,9
DA:831,9
DA:833,9
DA:833,9
FN:835,TandaPay.secretaryAcceptance
FNDA:6,TandaPay.secretaryAcceptance
DA:838,6
DA:838,6
BRDA:838,66,0,5
BRDA:838,66,1,1
DA:838,1
DA:841,5
DA:841,5
DA:841,5
DA:844,17
DA:844,17
DA:845,17
DA:845,17
DA:845,12
BRDA:845,67,0,12
BRDA:845,67,1,4
DA:847,4
DA:847,4
DA:848,5
DA:848,5
BRDA:848,68,0,4
BRDA:848,68,1,1
DA:849,1
DA:849,1
DA:849,4
DA:850,4
DA:850,4
BRDA:850,69,0,2
BRDA:850,69,1,1
DA:850,1
DA:852,1
DA:852,1
DA:853,1
DA:853,1
DA:854,3
DA:854,3
DA:855,3
DA:855,3
DA:856,2
DA:856,2
BRDA:856,70,0,2
BRDA:856,70,1,1
DA:859,1
DA:859,1
DA:860,1
DA:860,1
DA:864,1
DA:864,1
DA:867,3
DA:867,3
DA:867,3
DA:868,3
DA:868,3
DA:869,2
DA:869,2
DA:870,2
DA:870,2
BRDA:867,71,0,2
BRDA:867,71,1,1
DA:871,1
DA:871,1
DA:872,2
DA:872,2
BRDA:872,72,0,1
BRDA:872,72,1,1
DA:874,1
DA:874,1
DA:877,1
DA:877,1
DA:881,1
DA:881,1
DA:883,1
DA:883,1
DA:884,2
DA:884,2
FN:884,TandaPay.emergencyHandOverSecretary
FNDA:24,TandaPay.emergencyHandOverSecretary
DA:888,24
DA:888,24
DA:888,24
DA:888,24
DA:889,23
DA:889,23
BRDA:888,73,0,24
BRDA:888,73,1,22
DA:894,22
DA:894,22
DA:894,24
BRDA:894,74,0,22
BRDA:894,74,1,2
DA:895,2
DA:895,2
DA:895,22
DA:896,22
DA:896,22
DA:897,108
DA:897,108
DA:897,108
DA:900,86
DA:900,86
BRDA:899,75,0,86
BRDA:899,75,1,21
DA:901,21
DA:901,21
DA:901,22
BRDA:901,76,0,21
BRDA:901,76,1,1
DA:902,1
DA:902,1
DA:903,21
DA:903,21
DA:903,21
DA:903,21
DA:903,21
DA:904,13
DA:904,13
DA:905,0
DA:905,0
DA:906,13
DA:906,13
BRDA:903,77,0,19
BRDA:903,77,1,2
DA:908,1
DA:908,1
DA:910,19
DA:910,19
DA:913,0
DA:913,0
BRDA:910,78,0,11
BRDA:910,78,1,8
DA:913,11
DA:914,11
DA:914,11
DA:916,11
DA:916,11
DA:918,8
DA:918,8
DA:918,8
DA:919,8
DA:919,8
DA:922,6
DA:922,6
BRDA:917,79,0,6
BRDA:917,79,1,2
DA:926,6
DA:926,6
DA:927,2
DA:927,2
DA:927,2
DA:928,2
DA:928,2
DA:932,2
DA:932,2
BRDA:927,80,0,1
BRDA:927,80,1,1
DA:936,1
DA:936,1
DA:937,1
DA:937,1
DA:938,1
DA:938,1
DA:942,1
DA:942,1
DA:943,18
DA:943,18
DA:943,18
DA:944,0
DA:944,0
DA:944,18
DA:945,0
DA:945,0
BRDA:943,81,0,9
BRDA:943,81,1,3
DA:945,6
DA:947,6
DA:947,6
BRDA:947,82,0,9
BRDA:947,82,1,3
DA:949,3
DA:949,3
DA:950,3
DA:950,3
DA:950,12
DA:951,12
DA:951,12
DA:952,9
DA:952,9
BRDA:952,83,0,9
BRDA:952,83,1,3
DA:955,3
DA:955,3
DA:956,3
DA:956,3
DA:957,3
DA:957,3
DA:958,3
DA:958,3
DA:959,3
DA:959,3
DA:960,3
DA:960,3
DA:963,3
DA:963,3
DA:964,18
DA:964,18
FN:968,TandaPay.injectFunds
FNDA:4,TandaPay.injectFunds
DA:969,4
DA:969,4
DA:969,4
DA:971,4
DA:971,4
DA:972,4
DA:972,4
BRDA:969,84,0,3
BRDA:969,84,1,1
DA:973,1
DA:973,1
DA:975,3
DA:975,3
BRDA:975,85,0,2
BRDA:975,85,1,1
DA:976,1
DA:976,1
DA:976,2
DA:978,2
DA:978,2
BRDA:978,86,0,1
BRDA:978,86,1,1
DA:981,1
DA:981,1
DA:981,1
DA:982,1
DA:982,1
DA:984,1
DA:984,1
DA:985,1
DA:985,1
DA:986,1
DA:986,1
FN:986,TandaPay.divideShortFall
FNDA:5,TandaPay.divideShortFall
DA:989,5
DA:989,5
DA:989,5
DA:991,5
DA:991,5
DA:991,5
BRDA:988,87,0,4
BRDA:988,87,1,1
DA:996,1
DA:996,1
DA:996,4
BRDA:996,88,0,3
BRDA:996,88,1,1
DA:998,1
DA:998,1
DA:998,3
DA:1001,3
DA:1001,3
BRDA:1001,89,0,2
BRDA:1001,89,1,1
DA:1002,1
DA:1002,1
DA:1003,2
DA:1003,2
DA:1004,2
DA:1004,2
DA:1005,2
DA:1005,2
DA:1005,2
DA:1006,2
DA:1006,2
DA:1006,26
DA:1006,26
DA:1007,26
DA:1007,26
DA:1007,24
DA:1010,24
DA:1010,24
BRDA:1010,90,0,15
BRDA:1010,90,1,2
DA:1012,17
DA:1012,17
DA:1012,17
BRDA:1012,91,0,15
BRDA:1012,91,1,2
DA:1015,17
DA:1015,17
DA:1015,17
DA:1015,15
BRDA:1015,92,0,2
BRDA:1015,92,1,15
DA:1018,2
DA:1018,2
DA:1020,15
DA:1020,15
BRDA:1020,93,0,15
BRDA:1020,93,1,2
DA:1021,2
DA:1021,2
DA:1022,2
DA:1022,2
DA:1023,2
DA:1023,2
DA:1026,2
DA:1026,2
DA:1027,2
DA:1027,2
DA:1027,2
BRDA:1027,94,0,1
BRDA:1027,94,1,-
DA:1029,1
DA:1029,1
DA:1030,1
DA:1030,1
DA:1034,2
DA:1034,2
DA:1034,26
DA:1035,26
DA:1035,26
DA:1035,26
DA:1036,24
DA:1036,24
DA:1037,24
DA:1037,24
BRDA:1037,95,0,17
BRDA:1037,95,1,17
DA:1038,17
DA:1038,17
BRDA:1038,96,0,17
BRDA:1038,96,1,17
DA:1039,17
DA:1039,17
DA:1041,2
DA:1041,2
DA:1042,2
DA:1042,2
FN:1043,TandaPay.addAdditionalDay
FNDA:1,TandaPay.addAdditionalDay
DA:1044,1
DA:1044,1
DA:1050,1
DA:1050,1
FN:1053,TandaPay.manualCollapsBySecretary
FNDA:13,TandaPay.manualCollapsBySecretary
DA:1055,13
DA:1055,13
BRDA:1054,97,0,12
BRDA:1054,97,1,1
DA:1057,1
DA:1057,1
DA:1059,12
DA:1059,12
DA:1060,12
DA:1060,12
DA:1062,12
DA:1062,12
DA:1063,12
DA:1063,12
DA:1064,12
DA:1064,12
DA:1067,12
DA:1067,12
FN:1070,TandaPay.cancelManualCollapsBySecretary
FNDA:3,TandaPay.cancelManualCollapsBySecretary
DA:1072,3
DA:1072,3
BRDA:1072,98,0,2
BRDA:1072,98,1,1
DA:1072,1
DA:1075,2
DA:1075,2
BRDA:1075,99,0,1
BRDA:1075,99,1,1
DA:1078,1
DA:1078,1
DA:1079,1
DA:1079,1
DA:1079,1
DA:1082,1
DA:1082,1
FN:1084,TandaPay.leaveFromASubGroup
FNDA:2,TandaPay.leaveFromASubGroup
DA:1084,2
DA:1084,2
DA:1088,2
DA:1088,2
DA:1092,2
DA:1092,2
DA:1092,2
BRDA:1092,100,0,1
BRDA:1092,100,1,1
DA:1093,1
DA:1093,1
DA:1093,1
DA:1094,1
DA:1094,1
DA:1094,1
DA:1095,1
DA:1095,1
DA:1095,5
DA:1096,5
DA:1096,5
DA:1097,4
DA:1097,4
BRDA:1096,101,0,4
BRDA:1096,101,1,1
DA:1100,1
DA:1100,1
DA:1100,1
DA:1102,1
DA:1102,1
DA:1102,1
DA:1106,1
DA:1106,1
DA:1106,1
DA:1107,1
DA:1107,1
DA:1108,1
DA:1108,1
DA:1109,1
DA:1109,1
DA:1111,1
DA:1111,1
BRDA:1111,102,0,3
BRDA:1111,102,1,1
DA:1112,1
DA:1112,1
DA:1114,1
DA:1114,1
DA:1114,4
DA:1114,4
DA:1117,3
DA:1117,3
DA:1120,3
DA:1120,3
DA:1121,3
DA:1121,3
DA:1122,3
DA:1122,3
DA:1124,3
DA:1124,3
DA:1125,3
DA:1125,3
DA:1127,3
DA:1127,3
DA:1128,1
DA:1128,1
FN:1130,TandaPay.AdvanceToTheNextPeriod
FNDA:174,TandaPay.AdvanceToTheNextPeriod
DA:1132,174
DA:1132,174
DA:1132,174
DA:1135,6
DA:1135,6
BRDA:1131,103,0,173
BRDA:1131,103,1,1
DA:1136,1
DA:1136,1
DA:1138,173
DA:1138,173
DA:1138,173
DA:1139,85
DA:1139,85
BRDA:1138,104,0,172
BRDA:1138,104,1,1
DA:1140,1
DA:1140,1
DA:1141,172
DA:1141,172
DA:1142,172
DA:1142,172
BRDA:1142,105,0,5
BRDA:1142,105,1,1
DA:1144,5
DA:1144,5
DA:1144,5
DA:1144,5
DA:1144,5
DA:1144,5
DA:1144,5
DA:1145,3
DA:1145,3
DA:1146,2
DA:1146,2
DA:1147,1
DA:1147,1
DA:1149,1
DA:1149,1
DA:1150,1
DA:1150,1
BRDA:1143,106,0,5
BRDA:1143,106,1,1
DA:1151,1
DA:1151,1
DA:1152,172
DA:1152,172
DA:1154,172
DA:1154,172
DA:1156,172
DA:1156,172
BRDA:1156,107,0,12
BRDA:1156,107,1,4
DA:1156,0
DA:1159,172
DA:1159,172
DA:1159,688
DA:1159,688
DA:1159,688
DA:1160,516
DA:1160,516
DA:1162,516
DA:1162,516
DA:1162,516
DA:1162,6
BRDA:1162,108,0,12
BRDA:1162,108,1,4
DA:1164,6
DA:1164,6
DA:1165,18
DA:1165,18
DA:1167,18
DA:1167,18
DA:1168,12
DA:1168,12
DA:1174,12
DA:1174,12
BRDA:1174,109,0,12
BRDA:1174,109,1,4
DA:1180,4
DA:1180,4
DA:1181,4
DA:1181,4
DA:1182,4
DA:1182,4
DA:1186,4
DA:1186,4
DA:1186,4
DA:1188,4
DA:1188,4
DA:1191,172
DA:1191,172
DA:1191,172
DA:1191,2240
DA:1191,2240
DA:1191,2240
DA:1192,2068
DA:1192,2068
BRDA:1192,110,0,2068
BRDA:1192,110,1,943
DA:1193,943
DA:1193,943
DA:1194,172
DA:1194,172
BRDA:1194,111,0,83
BRDA:1194,111,1,1
DA:1194,84
BRDA:1194,112,0,83
BRDA:1194,112,1,1
DA:1195,1
DA:1195,1
DA:1196,83
DA:1196,83
DA:1197,171
DA:1197,171
DA:1198,171
DA:1198,171
DA:1199,171
DA:1199,171
FN:1201,TandaPay.updateMemberStatus
FNDA:174,TandaPay.updateMemberStatus
DA:1202,174
DA:1202,174
DA:1202,2266
DA:1202,2266
DA:1202,2266
DA:1202,2092
DA:1204,2092
DA:1204,2092
DA:1204,2092
DA:1204,2092
DA:1205,2092
DA:1205,2092
DA:1206,1021
DA:1206,1021
BRDA:1204,113,0,49
BRDA:1204,113,1,8
DA:1207,1020
BRDA:1207,114,0,971
BRDA:1207,114,1,49
DA:1208,971
DA:1208,971
DA:1211,49
DA:1211,49
DA:1211,49
DA:1214,29
DA:1214,29
BRDA:1210,115,0,49
BRDA:1210,115,1,8
DA:1216,8
DA:1216,8
DA:1219,1020
DA:1219,1020
DA:1219,1020
DA:1221,972
DA:1221,972
BRDA:1218,116,0,1020
BRDA:1218,116,1,37
DA:1224,37
DA:1224,37
DA:1225,37
DA:1225,37
DA:1228,1020
DA:1228,1020
DA:1228,1020
DA:1228,1020
DA:1229,48
DA:1229,48
DA:1232,40
DA:1232,40
BRDA:1228,117,0,1020
BRDA:1228,117,1,4
DA:1234,4
DA:1234,4
DA:1235,4
DA:1235,4
DA:1237,1020
DA:1237,1020
FN:1238,TandaPay.withdrawClaimFund
FNDA:11,TandaPay.withdrawClaimFund
DA:1240,11
DA:1240,11
DA:1240,11
DA:1241,11
DA:1241,11
DA:1243,10
DA:1243,10
DA:1244,10
DA:1244,10
BRDA:1240,118,0,10
BRDA:1240,118,1,1
DA:1245,1
DA:1245,1
DA:1247,10
DA:1247,10
DA:1247,10
DA:1247,10
DA:1252,10
DA:1252,10
BRDA:1252,119,0,9
BRDA:1252,119,1,1
DA:1253,1
DA:1253,1
DA:1255,9
DA:1255,9
BRDA:1255,120,0,8
BRDA:1255,120,1,1
DA:1255,1
DA:1256,8
BRDA:1256,121,0,7
BRDA:1256,121,1,1
DA:1256,1
DA:1258,7
DA:1258,7
BRDA:1258,122,0,6
BRDA:1258,122,1,1
DA:1260,1
DA:1260,1
DA:1261,6
DA:1261,6
DA:1262,6
DA:1262,6
DA:1264,6
DA:1264,6
DA:1264,6
DA:1264,13
DA:1264,13
DA:1265,7
BRDA:1265,123,0,7
BRDA:1265,123,1,7
DA:1271,7
DA:1271,7
DA:1271,6
DA:1272,6
DA:1272,6
DA:1274,6
DA:1274,6
DA:1274,6
DA:1275,6
DA:1275,6
DA:1275,78
DA:1276,78
DA:1276,78
DA:1276,78
DA:1276,72
BRDA:1276,124,0,72
BRDA:1276,124,1,60
DA:1278,60
DA:1278,60
DA:1280,6
DA:1280,6
DA:1281,6
BRDA:1281,125,0,6
BRDA:1281,125,1,4
DA:1281,4
DA:1282,4
DA:1282,4
DA:1284,6
DA:1284,6
DA:1284,6
DA:1285,6
DA:1285,6
DA:1286,6
DA:1286,6
DA:1287,78
DA:1287,78
DA:1287,78
DA:1287,78
DA:1288,72
DA:1288,72
DA:1290,72
DA:1290,72
BRDA:1290,126,0,60
BRDA:1290,126,1,1
DA:1293,60
DA:1293,60
BRDA:1293,127,0,60
BRDA:1293,127,1,1
DA:1294,1
DA:1294,1
DA:1296,1
DA:1296,1
DA:1299,60
DA:1299,60
DA:1300,60
DA:1300,60
DA:1301,6
DA:1301,6
BRDA:1301,128,0,11
BRDA:1301,128,1,11
DA:1302,3
DA:1302,3
DA:1305,3
DA:1305,3
DA:1306,8
DA:1306,8
DA:1306,8
DA:1308,5
DA:1308,5
DA:1314,5
DA:1314,5
DA:1315,5
DA:1315,5
DA:1316,5
DA:1316,5
DA:1318,5
DA:1318,5
DA:1319,16
DA:1319,16
DA:1319,16
DA:1320,11
DA:1320,11
DA:1324,11
DA:1324,11
BRDA:1324,129,0,6
BRDA:1324,129,1,5
DA:1325,11
DA:1325,11
DA:1326,11
DA:1326,11
DA:1326,11
DA:1327,6
DA:1327,6
BRDA:1326,130,0,5
BRDA:1326,130,1,6
DA:1329,5
DA:1329,5
DA:1330,6
DA:1330,6
BRDA:1330,131,0,6
BRDA:1330,131,1,5
DA:1332,5
DA:1332,5
DA:1336,5
DA:1336,5
DA:1336,5
DA:1337,5
DA:1337,5
DA:1340,5
DA:1340,5
DA:1340,16
DA:1341,16
DA:1341,16
DA:1341,11
DA:1343,11
DA:1343,11
BRDA:1343,132,0,11
BRDA:1343,132,1,11
DA:1346,11
DA:1346,11
DA:1347,11
DA:1347,11
DA:1350,6
DA:1350,6
BRDA:1350,133,0,4
BRDA:1350,133,1,-
DA:1351,4
DA:1351,4
DA:1352,4
DA:1352,4
DA:1354,4
DA:1354,4
DA:1355,2
DA:1355,2
DA:1357,2
DA:1357,2
FN:1358,TandaPay.submitClaim
FNDA:36,TandaPay.submitClaim
DA:1359,36
DA:1359,36
DA:1359,36
DA:1360,36
DA:1360,36
DA:1361,35
DA:1361,35
BRDA:1359,134,0,35
BRDA:1359,134,1,1
DA:1362,1
DA:1362,1
DA:1364,35
DA:1364,35
DA:1364,35
DA:1366,35
DA:1366,35
BRDA:1364,135,0,34
BRDA:1364,135,1,1
DA:1368,1
DA:1368,1
DA:1369,34
DA:1369,34
DA:1370,34
DA:1370,34
BRDA:1370,136,0,33
BRDA:1370,136,1,1
DA:1371,33
DA:1371,33
DA:1372,1
DA:1372,1
DA:1374,33
DA:1374,33
DA:1375,33
DA:1375,33
DA:1376,33
DA:1376,33
DA:1379,33
DA:1379,33
DA:1382,33
DA:1382,33
DA:1382,33
DA:1385,33
DA:1385,33
FN:1386,TandaPay.issueRefund
FNDA:39,TandaPay.issueRefund
DA:1388,39
DA:1388,39
DA:1388,39
DA:1388,39
DA:1391,39
DA:1391,39
DA:1393,39
DA:1393,39
BRDA:1387,137,0,38
BRDA:1387,137,1,1
DA:1396,1
DA:1396,1
DA:1396,38
BRDA:1396,138,0,36
BRDA:1396,138,1,2
DA:1397,2
DA:1397,2
DA:1399,36
DA:1399,36
DA:1399,468
DA:1399,468
DA:1400,468
DA:1400,468
DA:1402,432
DA:1402,432
DA:1403,432
DA:1403,432
BRDA:1403,139,0,432
BRDA:1403,139,1,2
DA:1404,2
DA:1404,2
DA:1406,2
DA:1406,2
DA:1408,2
DA:1408,2
DA:1410,432
DA:1410,432
DA:1410,432
DA:1410,432
DA:1410,432
DA:1412,432
DA:1412,432
BRDA:1409,140,0,24
BRDA:1409,140,1,391
DA:1415,415
DA:1415,415
DA:1415,415
DA:1419,24
DA:1419,24
BRDA:1415,141,0,24
BRDA:1415,141,1,391
DA:1420,24
DA:1420,24
DA:1422,24
DA:1422,24
DA:1423,24
DA:1423,24
DA:1425,391
DA:1425,391
DA:1428,391
DA:1428,391
DA:1428,391
DA:1431,432
DA:1431,432
BRDA:1431,142,0,48
BRDA:1431,142,1,16
DA:1431,48
BRDA:1431,143,0,48
BRDA:1431,143,1,16
DA:1433,16
DA:1433,16
DA:1437,16
DA:1437,16
DA:1441,432
DA:1441,432
DA:1441,12
BRDA:1441,144,0,12
BRDA:1441,144,1,-
DA:1442,12
DA:1442,12
DA:1443,12
DA:1443,12
DA:1444,12
DA:1444,12
DA:1445,36
DA:1445,36
FN:1446,TandaPay.withdrawRefund
FNDA:2,TandaPay.withdrawRefund
DA:1448,2
DA:1448,2
DA:1451,2
DA:1451,2
DA:1452,2
DA:1452,2
DA:1454,2
DA:1454,2
BRDA:1454,145,0,1
BRDA:1454,145,1,1
DA:1454,1
DA:1455,1
DA:1455,1
DA:1455,1
FN:1457,TandaPay.getPaymentToken
FNDA:2,TandaPay.getPaymentToken
DA:1458,2
DA:1458,2
DA:1459,2
DA:1459,2
FN:1459,TandaPay.getCurrentMemberId
FNDA:2827,TandaPay.getCurrentMemberId
DA:1461,2827
DA:1461,2827
FN:1461,TandaPay.getCurrentSubGroupId
FNDA:606,TandaPay.getCurrentSubGroupId
DA:1462,606
DA:1462,606
FN:1463,TandaPay.getCurrentClaimId
FNDA:72,TandaPay.getCurrentClaimId
DA:1467,72
DA:1467,72
FN:1467,TandaPay.getPeriodId
FNDA:342,TandaPay.getPeriodId
DA:1468,342
DA:1468,342
FN:1469,TandaPay.getTotalCoverage
FNDA:93,TandaPay.getTotalCoverage
DA:1470,93
DA:1470,93
FN:1470,TandaPay.getBasePremium
FNDA:270,TandaPay.getBasePremium
DA:1472,270
DA:1472,270
FN:1473,TandaPay.getManuallyCollapsedPeriod
FNDA:6,TandaPay.getManuallyCollapsedPeriod
DA:1476,6
DA:1476,6
FN:1477,TandaPay.getIsManuallyCollapsed
FNDA:8,TandaPay.getIsManuallyCollapsed
DA:1478,8
DA:1478,8
FN:1479,TandaPay.getCommunityState
FNDA:126,TandaPay.getCommunityState
DA:1481,126
DA:1481,126
FN:1482,TandaPay.getSubGroupIdToSubGroupInfo
FNDA:1469,TandaPay.getSubGroupIdToSubGroupInfo
DA:1486,1469
DA:1486,1469
FN:1488,TandaPay.getPeriodIdToClaimIdToClaimInfo
FNDA:53,TandaPay.getPeriodIdToClaimIdToClaimInfo
DA:1492,53
DA:1492,53
FN:1494,TandaPay.getPeriodIdToClaimIds
FNDA:11,TandaPay.getPeriodIdToClaimIds
DA:1498,11
DA:1498,11
FN:1498,TandaPay.getPeriodIdToDefectorsId
FNDA:2,TandaPay.getPeriodIdToDefectorsId
DA:1502,2
DA:1502,2
FN:1505,TandaPay.getPeriodIdToManualCollapse
FNDA:6,TandaPay.getPeriodIdToManualCollapse
DA:1508,6
DA:1508,6
FN:1509,TandaPay.getMemberToMemberId
FNDA:5,TandaPay.getMemberToMemberId
DA:1512,5
DA:1512,5
FN:1514,TandaPay.getPeriodIdWhiteListedClaims
FNDA:2,TandaPay.getPeriodIdWhiteListedClaims
DA:1517,2
DA:1517,2
FN:1518,TandaPay.getMemberToMemberInfo
FNDA:7910,TandaPay.getMemberToMemberInfo
DA:1522,7910
DA:1522,7910
DA:1525,7910
DA:1525,7910
DA:1528,7910
DA:1528,7910
DA:1528,7910
DA:1528,7910
DA:1545,0
DA:1545,0
FN:1547,TandaPay.getIsAMemberDefectedInPeriod
FNDA:2,TandaPay.getIsAMemberDefectedInPeriod
DA:1551,2
DA:1551,2
FN:1552,TandaPay.getPeriodIdToPeriodInfo
FNDA:103,TandaPay.getPeriodIdToPeriodInfo
DA:1557,103
DA:1557,103
FN:1558,TandaPay.getIsAllMemberNotPaidInPeriod
FNDA:1,TandaPay.getIsAllMemberNotPaidInPeriod
DA:1560,1
DA:1560,1
FNF:69
FNH:69
LF:625
LH:615
BRF:298
BRH:293
end_of_record
TN:
SF:src/Token.sol
FN:37,Context._msgSender
FNDA:9210,Context._msgSender
DA:41,9210
DA:41,9210
FN:76,Token.
FNDA:155,Token.
DA:77,156
DA:77,156
DA:78,308
DA:78,308
DA:80,156
DA:80,156
FN:82,Token.name
FNDA:1,Token.name
DA:83,1
DA:83,1
FN:86,Token.symbol
FNDA:1,Token.symbol
DA:87,1
DA:87,1
FN:90,Token.decimals
FNDA:1,Token.decimals
DA:91,1
DA:91,1
FN:93,Token.totalSupply
FNDA:1,Token.totalSupply
DA:95,1
DA:95,1
FN:98,Token.balanceOf
FNDA:2121,Token.balanceOf
DA:99,2121
DA:99,2121
FN:102,Token.transfer
FNDA:5965,Token.transfer
DA:103,5965
DA:103,5965
DA:105,5965
DA:105,5965
DA:106,5965
DA:106,5965
DA:106,5965
FN:107,Token.allowance
FNDA:2016,Token.allowance
DA:112,2016
DA:112,2016
FN:114,Token.approve
FNDA:1235,Token.approve
DA:117,1235
DA:117,1235
DA:119,1235
DA:119,1235
DA:120,1235
DA:120,1235
DA:122,1235
DA:122,1235
FN:122,Token.transferFrom
FNDA:2007,Token.transferFrom
DA:128,2007
DA:128,2007
DA:128,2007
DA:129,2007
DA:129,2007
DA:132,2007
DA:132,2007
DA:132,2007
FN:133,Token.increaseAllowance
FNDA:2,Token.increaseAllowance
DA:137,2
DA:137,2
DA:139,2
DA:139,2
DA:139,2
DA:142,2
DA:142,2
FN:143,Token.decreaseAllowance
FNDA:1,Token.decreaseAllowance
DA:145,1
DA:145,1
DA:148,1
DA:148,1
DA:148,1
DA:149,1
DA:149,1
DA:150,1
DA:150,1
BRDA:150,0,0,1
BRDA:150,0,1,-
DA:152,0
DA:152,0
DA:155,1
DA:155,1
DA:158,1
DA:158,1
FN:159,Token._transfer
FNDA:7972,Token._transfer
DA:162,7972
DA:162,7972
DA:162,7972
BRDA:162,1,0,7972
BRDA:162,1,1,-
DA:162,0
DA:168,7972
DA:168,7972
DA:168,0
BRDA:168,2,0,7972
BRDA:168,2,1,-
DA:168,0
DA:169,7972
DA:169,7972
FN:170,Token._update
FNDA:8128,Token._update
DA:173,8128
DA:173,8128
DA:173,8128
BRDA:173,3,0,155
BRDA:173,3,1,7973
DA:174,157
DA:174,157
DA:178,7973
DA:178,7973
DA:178,7973
BRDA:178,4,0,7974
BRDA:178,4,1,1
DA:179,1
DA:179,1
DA:182,7973
DA:182,7973
DA:184,157
DA:184,157
DA:184,0
BRDA:184,5,0,2
BRDA:184,5,1,8127
DA:185,2
DA:185,2
DA:188,8126
DA:188,8126
DA:191,157
DA:191,157
FN:193,Token._mint
FNDA:307,Token._mint
DA:196,154
DA:196,154
DA:197,154
DA:197,154
BRDA:196,6,0,156
BRDA:196,6,1,2
DA:197,2
DA:201,155
DA:201,155
FN:204,Token._burn
FNDA:1,Token._burn
DA:205,1
DA:205,1
DA:205,1
BRDA:205,7,0,1
BRDA:205,7,1,-
DA:206,0
DA:206,0
DA:208,1
DA:208,1
FN:211,Token._approve
FNDA:1238,Token._approve
DA:213,1238
DA:213,1238
FN:215,Token._approve
FNDA:3245,Token._approve
DA:222,3245
DA:222,3245
DA:222,3245
BRDA:222,8,0,3245
BRDA:222,8,1,-
DA:223,0
DA:223,0
DA:227,3245
DA:227,3245
DA:227,0
BRDA:226,9,0,3245
BRDA:226,9,1,-
DA:228,0
DA:228,0
DA:230,3245
DA:230,3245
DA:232,3245
BRDA:232,10,0,3245
BRDA:232,10,1,1238
DA:233,1238
DA:233,1238
FN:235,Token._spendAllowance
FNDA:2007,Token._spendAllowance
DA:238,2007
DA:238,2007
DA:239,2007
DA:239,2007
DA:240,2007
DA:240,2007
BRDA:240,11,0,2007
BRDA:240,11,1,-
DA:244,2007
DA:244,2007
BRDA:244,12,0,2007
BRDA:244,12,1,-
DA:246,0
DA:246,0
DA:251,2007
DA:251,2007
FNF:20
FNH:20
LF:62
LH:57
BRF:26
BRH:18
end_of_record
TN:
SF:test/Unit/TandaPayAdditional.t.sol
FN:9,AdditionalContext.msgSender
FNDA:1,AdditionalContext.msgSender
DA:10,1
DA:10,1
DA:11,1
DA:11,1
FN:11,AdditionalContext.msgData
FNDA:1,AdditionalContext.msgData
DA:14,1
DA:14,1
DA:15,1
DA:15,1
FN:19,AdditionalSecretary.
FNDA:7,AdditionalSecretary.
FN:20,AdditionalSecretary.transferSecretary
FNDA:1,AdditionalSecretary.transferSecretary
DA:22,1
DA:22,1
FN:27,AdditionalReentrancyGuard.reentrancyGuardEntered
FNDA:2,AdditionalReentrancyGuard.reentrancyGuardEntered
DA:28,2
DA:28,2
DA:28,2
FN:57,AdditionalToken.
FNDA:11,AdditionalToken.
FN:61,AdditionalToken.burn
FNDA:1,AdditionalToken.burn
DA:63,1
DA:63,1
FNF:7
FNH:7
LF:7
LH:7
BRF:0
BRH:0
end_of_record
