TN:
SF:src/TandaPay.sol
FN:32,Context._msgSender
FNDA:2923,Context._msgSender
DA:34,2923
DA:34,2923
FN:35,Context._msgData
FNDA:1,Context._msgData
DA:38,1
DA:38,1
FN:48,ReentrancyGuard.
FNDA:6,ReentrancyGuard.
DA:49,6
DA:49,6
FN:51,ReentrancyGuard.nonReentrant
FNDA:2,ReentrancyGuard.nonReentrant
DA:52,0
DA:52,0
DA:55,0
DA:55,0
FN:56,ReentrancyGuard._nonReentrantBefore
FNDA:11,ReentrancyGuard._nonReentrantBefore
DA:59,11
DA:59,11
BRDA:59,0,0,11
BRDA:59,0,1,-
DA:61,0
DA:61,0
DA:63,11
DA:63,11
FN:63,ReentrancyGuard._nonReentrantAfter
FNDA:6,ReentrancyGuard._nonReentrantAfter
DA:65,6
DA:65,6
FN:68,ReentrancyGuard._reentrancyGuardEntered
FNDA:2,ReentrancyGuard._reentrancyGuardEntered
DA:72,2
DA:72,2
DA:72,2
FN:88,Secretary.
FNDA:5,Secretary.
DA:90,5
DA:90,5
DA:90,5
BRDA:90,0,0,4
BRDA:90,0,1,5
DA:93,2
DA:93,2
DA:94,4
DA:94,4
FN:95,Secretary.onlySecretary
FNDA:5,Secretary.onlySecretary
DA:96,0
DA:96,0
FN:97,Secretary.secretary
FNDA:2932,Secretary.secretary
DA:100,2932
DA:100,2932
FN:103,Secretary.getSecretarySuccessors
FNDA:27,Secretary.getSecretarySuccessors
DA:105,27
DA:105,27
FN:108,Secretary.getUpcomingSecretary
FNDA:15,Secretary.getUpcomingSecretary
DA:109,15
DA:109,15
FN:112,Secretary.getEmergencySecretaries
FNDA:16,Secretary.getEmergencySecretaries
DA:113,16
DA:113,16
FN:116,Secretary.getIsHandingOver
FNDA:8,Secretary.getIsHandingOver
DA:116,8
DA:116,8
FN:117,Secretary.getEmergencyHandOverStartedPeriod
FNDA:11,Secretary.getEmergencyHandOverStartedPeriod
DA:121,11
DA:121,11
FN:124,Secretary.getHandoverStartedAt
FNDA:2,Secretary.getHandoverStartedAt
DA:125,2
DA:125,2
FN:125,Secretary.getEmergencyHandoverStartedAt
FNDA:19,Secretary.getEmergencyHandoverStartedAt
DA:128,19
DA:128,19
FN:131,Secretary._checkSecretary
FNDA:2922,Secretary._checkSecretary
DA:132,2922
DA:132,2922
DA:132,2922
DA:132,2922
BRDA:132,1,0,2909
BRDA:132,1,1,13
DA:133,13
DA:133,13
FN:135,Secretary._transferSecretary
FNDA:13,Secretary._transferSecretary
DA:137,15
DA:137,15
DA:137,15
DA:141,13
DA:141,13
FN:377,TandaPay.
FNDA:2,TandaPay.
DA:379,4
DA:379,4
DA:382,2
DA:382,2
FN:385,TandaPay.addToCommunity
FNDA:1198,TandaPay.addToCommunity
DA:388,1198
DA:388,1198
DA:388,1198
DA:391,4
DA:391,4
BRDA:387,0,0,1196
BRDA:387,0,1,2
DA:395,2
DA:395,2
DA:395,1196
BRDA:395,1,0,1195
BRDA:395,1,1,1
DA:396,1
DA:396,1
DA:397,1195
DA:397,1195
DA:397,1195
DA:400,1195
DA:400,1195
DA:401,1195
DA:401,1195
DA:402,1195
DA:402,1195
DA:403,1195
DA:403,1195
DA:404,1195
DA:404,1195
DA:407,1195
DA:407,1195
FN:408,TandaPay.createSubGroup
FNDA:260,TandaPay.createSubGroup
DA:411,260
DA:411,260
DA:411,260
DA:412,260
DA:412,260
DA:413,260
DA:413,260
FN:414,TandaPay.assignToSubGroup
FNDA:993,TandaPay.assignToSubGroup
DA:417,993
DA:417,993
DA:420,993
DA:420,993
DA:422,993
DA:422,993
BRDA:422,2,0,992
BRDA:422,2,1,1
DA:423,1
DA:423,1
DA:424,992
DA:424,992
DA:424,992
BRDA:424,3,0,991
BRDA:424,3,1,1
DA:427,1
DA:427,1
DA:428,991
DA:428,991
DA:430,991
BRDA:430,4,0,2
BRDA:430,4,1,-
DA:431,2
DA:431,2
BRDA:431,5,0,2
BRDA:431,5,1,-
DA:432,0
DA:432,0
DA:433,2
DA:433,2
DA:435,989
DA:435,989
DA:438,2
DA:438,2
DA:441,991
DA:441,991
DA:441,991
DA:442,250
DA:442,250
BRDA:441,6,0,250
BRDA:441,6,1,245
DA:444,250
DA:444,250
BRDA:444,7,0,250
BRDA:444,7,1,245
DA:444,245
DA:446,741
BRDA:446,8,0,741
BRDA:446,8,1,-
DA:447,0
DA:447,0
DA:449,2
DA:449,2
FN:451,TandaPay.joinToCommunity
FNDA:903,TandaPay.joinToCommunity
DA:451,903
DA:451,903
BRDA:451,9,0,901
BRDA:451,9,1,2
DA:453,2
DA:453,2
DA:454,901
DA:454,901
DA:457,901
DA:457,901
BRDA:457,10,0,900
BRDA:457,10,1,1
DA:459,1
DA:459,1
DA:460,900
DA:460,900
DA:461,900
DA:461,900
DA:464,900
DA:464,900
DA:464,900
DA:467,900
DA:467,900
DA:468,900
DA:468,900
DA:469,900
DA:469,900
DA:472,900
DA:472,900
DA:473,900
DA:473,900
FN:475,TandaPay.initiatDefaultStateAndSetCoverage
FNDA:85,TandaPay.initiatDefaultStateAndSetCoverage
DA:478,85
DA:478,85
BRDA:478,11,0,84
BRDA:478,11,1,1
DA:479,1
DA:479,1
DA:480,84
DA:480,84
DA:480,84
DA:480,83
BRDA:480,12,0,82
BRDA:480,12,1,2
DA:481,2
DA:481,2
DA:482,82
DA:482,82
DA:482,325
DA:482,325
DA:483,244
DA:483,244
BRDA:483,13,0,243
BRDA:483,13,1,1
DA:484,1
DA:484,1
DA:487,81
DA:487,81
DA:488,81
DA:488,81
DA:489,81
DA:489,81
DA:490,81
DA:490,81
FN:491,TandaPay.approveSubGroupAssignment
FNDA:775,TandaPay.approveSubGroupAssignment
DA:493,775
DA:493,775
DA:497,775
DA:497,775
BRDA:497,14,0,774
BRDA:497,14,1,1
DA:498,1
DA:498,1
DA:499,774
DA:499,774
DA:502,774
BRDA:502,15,0,2
BRDA:502,15,1,772
DA:503,774
DA:503,774
BRDA:503,16,0,2
BRDA:503,16,1,772
DA:504,2
DA:504,2
DA:507,772
DA:507,772
DA:509,0
DA:509,0
DA:511,0
DA:511,0
DA:511,0
DA:512,0
DA:512,0
DA:513,0
DA:513,0
BRDA:512,17,0,-
BRDA:512,17,1,-
DA:515,0
DA:515,0
DA:516,0
DA:516,0
DA:520,0
DA:520,0
DA:521,0
DA:521,0
DA:523,774
DA:523,774
FN:527,TandaPay.approveNewSubgroupMember
FNDA:3,TandaPay.approveNewSubgroupMember
DA:530,3
DA:530,3
DA:532,3
DA:532,3
DA:534,3
DA:534,3
BRDA:534,18,0,2
BRDA:534,18,1,1
DA:534,1
DA:535,2
DA:535,2
DA:536,2
DA:536,2
DA:538,10
DA:538,10
DA:538,10
DA:539,9
DA:539,9
BRDA:539,19,0,8
BRDA:539,19,1,1
DA:541,1
DA:541,1
DA:542,0
DA:542,0
DA:545,1
DA:545,1
BRDA:545,20,0,1
BRDA:545,20,1,1
DA:546,1
DA:546,1
DA:548,1
BRDA:548,21,0,1
BRDA:548,21,1,-
DA:549,1
DA:549,1
DA:550,1
DA:550,1
DA:551,0
DA:551,0
DA:553,1
DA:553,1
FN:556,TandaPay.exitSubGroup
FNDA:5,TandaPay.exitSubGroup
DA:557,5
DA:557,5
DA:560,5
DA:560,5
BRDA:560,22,0,4
BRDA:560,22,1,1
DA:563,1
DA:563,1
DA:565,4
DA:565,4
DA:567,4
DA:567,4
DA:567,4
DA:568,4
DA:568,4
DA:569,4
DA:569,4
DA:569,4
BRDA:569,23,0,-
BRDA:569,23,1,4
DA:571,4
DA:571,4
DA:571,0
DA:572,4
DA:572,4
BRDA:571,24,0,4
BRDA:571,24,1,-
DA:574,0
DA:574,0
DA:575,4
DA:575,4
DA:575,4
DA:575,17
DA:576,17
DA:576,17
DA:577,13
DA:577,13
BRDA:577,25,0,13
BRDA:577,25,1,4
DA:578,4
DA:578,4
DA:580,4
DA:580,4
DA:582,4
DA:582,4
BRDA:582,26,0,3
BRDA:582,26,1,1
DA:585,3
DA:585,3
DA:586,1
DA:586,1
DA:588,4
DA:588,4
DA:590,4
DA:590,4
BRDA:589,27,0,9
BRDA:589,27,1,4
DA:592,4
DA:592,4
DA:594,13
DA:594,13
DA:594,13
DA:595,13
DA:595,13
DA:595,9
DA:600,4
DA:600,4
FN:601,TandaPay.whitelistClaim
FNDA:19,TandaPay.whitelistClaim
DA:603,19
DA:603,19
DA:603,19
DA:605,1
DA:605,1
BRDA:603,28,0,18
BRDA:603,28,1,1
DA:607,1
DA:607,1
DA:608,18
DA:608,18
DA:608,18
DA:609,18
DA:609,18
DA:610,17
DA:610,17
BRDA:608,29,0,17
BRDA:608,29,1,1
DA:612,1
DA:612,1
DA:612,17
DA:615,17
DA:615,17
BRDA:615,30,0,16
BRDA:615,30,1,1
DA:618,1
DA:618,1
DA:619,16
DA:619,16
DA:619,16
DA:621,15
DA:621,15
BRDA:618,31,0,15
BRDA:618,31,1,1
DA:627,1
DA:627,1
DA:627,15
DA:628,15
DA:628,15
DA:629,15
DA:629,15
FN:630,TandaPay.defects
FNDA:13,TandaPay.defects
DA:632,13
DA:632,13
DA:634,13
DA:634,13
DA:637,13
DA:637,13
DA:638,13
DA:638,13
BRDA:637,32,0,12
BRDA:637,32,1,1
DA:638,1
DA:639,12
DA:639,12
DA:639,12
DA:640,12
DA:640,12
DA:642,11
DA:642,11
BRDA:639,33,0,11
BRDA:639,33,1,1
DA:645,1
DA:645,1
DA:647,11
DA:647,11
BRDA:647,34,0,10
BRDA:647,34,1,1
DA:650,1
DA:650,1
DA:651,10
DA:651,10
BRDA:651,35,0,1
BRDA:651,35,1,9
DA:652,1
DA:652,1
DA:654,9
DA:654,9
DA:655,9
DA:655,9
DA:658,9
DA:658,9
DA:658,43
DA:659,43
DA:659,43
DA:660,34
DA:660,34
BRDA:659,36,0,34
BRDA:659,36,1,9
DA:663,9
DA:663,9
DA:664,9
DA:664,9
DA:665,9
DA:665,9
DA:666,9
DA:666,9
DA:670,9
DA:670,9
DA:671,9
DA:671,9
DA:674,10
DA:674,10
DA:676,10
DA:676,10
DA:677,1
DA:677,1
DA:678,10
DA:678,10
BRDA:678,37,0,120
BRDA:678,37,1,11
DA:679,10
DA:679,10
DA:680,10
DA:680,10
DA:680,130
DA:680,130
DA:680,130
DA:681,120
DA:681,120
DA:684,120
DA:684,120
BRDA:684,38,0,120
BRDA:684,38,1,11
DA:685,11
DA:685,11
DA:686,10
DA:686,10
BRDA:686,39,0,10
BRDA:686,39,1,2
DA:687,2
DA:687,2
DA:689,10
DA:689,10
DA:691,10
DA:691,10
BRDA:691,40,0,10
BRDA:691,40,1,8
DA:691,8
DA:693,10
DA:693,10
FN:694,TandaPay.payPremium
FNDA:1016,TandaPay.payPremium
DA:696,1016
DA:696,1016
DA:696,1016
DA:697,46
DA:697,46
BRDA:695,41,0,1014
BRDA:695,41,1,2
DA:698,2
DA:698,2
BRDA:698,42,0,1014
BRDA:698,42,1,-
DA:699,0
DA:699,0
DA:702,1014
DA:702,1014
BRDA:702,43,0,1013
BRDA:702,43,1,1
DA:703,1014
DA:703,1014
DA:703,1014
DA:703,1014
DA:706,1013
DA:706,1013
BRDA:702,44,0,1013
BRDA:702,44,1,1
DA:708,1
DA:708,1
DA:710,1013
DA:710,1013
DA:713,1013
DA:713,1013
DA:716,1013
DA:716,1013
DA:716,1013
BRDA:716,45,0,1012
BRDA:716,45,1,1
DA:716,1
DA:719,1012
DA:719,1012
BRDA:718,46,0,1011
BRDA:718,46,1,1
DA:722,1
DA:722,1
DA:725,1011
DA:725,1011
DA:725,1011
DA:725,1011
DA:726,1010
DA:726,1010
DA:727,1009
DA:727,1009
BRDA:725,47,0,1009
BRDA:725,47,1,2
DA:728,2
DA:728,2
DA:730,1009
DA:730,1009
DA:731,1009
DA:731,1009
DA:733,1009
DA:733,1009
DA:733,1009
BRDA:733,48,0,1009
BRDA:733,48,1,768
DA:734,768
DA:734,768
DA:735,1009
DA:735,1009
DA:737,1009
BRDA:737,49,0,8
BRDA:737,49,1,237
DA:738,245
DA:738,245
DA:741,245
DA:741,245
DA:743,245
DA:743,245
DA:747,1009
DA:747,1009
BRDA:747,50,0,800
BRDA:747,50,1,-
DA:747,800
DA:750,1009
DA:750,1009
DA:751,1009
DA:751,1009
BRDA:751,51,0,1009
BRDA:751,51,1,768
DA:753,768
DA:753,768
DA:754,1009
DA:754,1009
DA:754,1009
DA:760,1009
DA:760,1009
DA:760,1009
BRDA:754,52,0,1009
BRDA:754,52,1,756
DA:761,1009
DA:761,1009
BRDA:761,53,0,1009
BRDA:761,53,1,756
DA:762,756
DA:762,756
DA:764,1009
DA:764,1009
DA:766,1009
DA:766,1009
DA:767,1009
DA:767,1009
FN:769,TandaPay.updateCoverageAmount
FNDA:2,TandaPay.updateCoverageAmount
DA:771,2
DA:771,2
DA:771,2
DA:774,2
DA:774,2
BRDA:771,54,0,1
BRDA:771,54,1,1
DA:776,1
DA:776,1
DA:777,1
DA:777,1
BRDA:777,55,0,1
BRDA:777,55,1,1
DA:777,0
DA:778,1
DA:778,1
DA:778,1
DA:779,1
DA:779,1
DA:780,13
DA:780,13
DA:780,13
DA:781,13
DA:781,13
DA:781,12
BRDA:781,56,0,12
BRDA:781,56,1,12
DA:782,12
DA:782,12
DA:784,1
DA:784,1
DA:785,1
DA:785,1
DA:787,1
DA:787,1
FN:788,TandaPay.defineSecretarySuccessor
FNDA:26,TandaPay.defineSecretarySuccessor
DA:792,26
DA:792,26
DA:792,26
DA:792,18
BRDA:792,57,0,15
BRDA:792,57,1,1
DA:793,16
DA:793,16
BRDA:792,58,0,15
BRDA:792,58,1,1
DA:793,1
DA:795,10
DA:795,10
BRDA:795,59,0,1
BRDA:795,59,1,1
DA:797,2
DA:797,2
BRDA:797,60,0,1
BRDA:797,60,1,1
DA:798,1
DA:798,1
DA:801,24
DA:801,24
DA:801,92
DA:802,92
DA:802,92
DA:802,69
DA:803,69
DA:803,69
DA:803,162
DA:803,162
DA:803,162
DA:803,161
BRDA:803,61,0,93
BRDA:803,61,1,68
DA:807,68
DA:807,68
DA:807,68
DA:808,69
DA:808,69
BRDA:808,62,0,68
BRDA:808,62,1,1
DA:808,1
DA:809,68
DA:809,68
DA:813,23
DA:813,23
FN:814,TandaPay.handoverSecretary
FNDA:10,TandaPay.handoverSecretary
DA:817,10
DA:817,10
DA:817,10
BRDA:817,63,0,8
BRDA:817,63,1,1
DA:818,9
DA:818,9
DA:819,9
DA:819,9
DA:819,9
DA:820,9
DA:820,9
DA:821,8
DA:821,8
BRDA:821,64,0,-
BRDA:821,64,1,8
DA:825,8
DA:825,8
DA:825,0
DA:827,8
DA:827,8
BRDA:827,65,0,8
BRDA:827,65,1,1
DA:827,1
DA:828,9
DA:828,9
DA:829,9
DA:829,9
DA:830,9
DA:830,9
DA:832,9
DA:832,9
FN:834,TandaPay.secretaryAcceptance
FNDA:6,TandaPay.secretaryAcceptance
DA:837,6
DA:837,6
BRDA:837,66,0,5
BRDA:837,66,1,1
DA:838,1
DA:838,1
DA:840,5
DA:840,5
DA:840,5
DA:843,17
DA:843,17
DA:844,17
DA:844,17
DA:844,12
BRDA:844,67,0,12
BRDA:844,67,1,4
DA:846,4
DA:846,4
DA:847,5
DA:847,5
BRDA:847,68,0,4
BRDA:847,68,1,1
DA:848,1
DA:848,1
DA:848,4
DA:849,4
DA:849,4
BRDA:849,69,0,2
BRDA:849,69,1,1
DA:849,1
DA:851,1
DA:851,1
DA:852,1
DA:852,1
DA:853,3
DA:853,3
DA:854,3
DA:854,3
DA:855,2
DA:855,2
BRDA:855,70,0,2
BRDA:855,70,1,1
DA:858,1
DA:858,1
DA:859,1
DA:859,1
DA:863,1
DA:863,1
DA:866,3
DA:866,3
DA:866,3
DA:867,3
DA:867,3
DA:868,2
DA:868,2
DA:869,2
DA:869,2
BRDA:866,71,0,2
BRDA:866,71,1,1
DA:870,1
DA:870,1
DA:871,2
DA:871,2
BRDA:871,72,0,1
BRDA:871,72,1,1
DA:873,1
DA:873,1
DA:876,1
DA:876,1
DA:880,1
DA:880,1
DA:882,1
DA:882,1
DA:883,2
DA:883,2
FN:883,TandaPay.emergencyHandOverSecretary
FNDA:22,TandaPay.emergencyHandOverSecretary
DA:887,22
DA:887,22
DA:887,22
DA:887,22
DA:888,21
DA:888,21
BRDA:887,73,0,22
BRDA:887,73,1,20
DA:893,20
DA:893,20
DA:893,22
BRDA:893,74,0,20
BRDA:893,74,1,2
DA:894,2
DA:894,2
DA:894,20
DA:895,20
DA:895,20
DA:896,91
DA:896,91
DA:896,91
DA:899,71
DA:899,71
BRDA:898,75,0,71
BRDA:898,75,1,19
DA:900,19
DA:900,19
DA:900,20
BRDA:900,76,0,19
BRDA:900,76,1,1
DA:901,1
DA:901,1
DA:902,19
DA:902,19
DA:902,19
DA:902,19
DA:902,19
DA:904,12
DA:904,12
DA:904,0
DA:905,12
DA:905,12
BRDA:902,77,0,17
BRDA:902,77,1,2
DA:907,0
DA:907,0
DA:909,17
DA:909,17
DA:912,0
DA:912,0
BRDA:909,78,0,10
BRDA:909,78,1,7
DA:912,10
DA:913,10
DA:913,10
DA:915,10
DA:915,10
DA:917,7
DA:917,7
DA:917,7
DA:918,7
DA:918,7
DA:921,6
DA:921,6
BRDA:916,79,0,6
BRDA:916,79,1,1
DA:925,6
DA:925,6
DA:926,1
DA:926,1
DA:926,1
DA:927,1
DA:927,1
DA:931,1
DA:931,1
BRDA:926,80,0,1
BRDA:926,80,1,-
DA:935,1
DA:935,1
DA:936,1
DA:936,1
DA:937,1
DA:937,1
DA:941,0
DA:941,0
DA:942,17
DA:942,17
DA:942,17
DA:943,0
DA:943,0
DA:943,17
DA:944,0
DA:944,0
BRDA:942,81,0,9
BRDA:942,81,1,3
DA:944,6
DA:946,6
DA:946,6
BRDA:946,82,0,9
BRDA:946,82,1,3
DA:948,3
DA:948,3
DA:949,3
DA:949,3
DA:949,12
DA:950,12
DA:950,12
DA:951,9
DA:951,9
BRDA:951,83,0,9
BRDA:951,83,1,3
DA:954,3
DA:954,3
DA:955,3
DA:955,3
DA:956,3
DA:956,3
DA:957,3
DA:957,3
DA:958,3
DA:958,3
DA:959,3
DA:959,3
DA:962,3
DA:962,3
DA:963,17
DA:963,17
FN:967,TandaPay.injectFunds
FNDA:4,TandaPay.injectFunds
DA:968,4
DA:968,4
DA:968,4
DA:970,4
DA:970,4
DA:971,4
DA:971,4
BRDA:968,84,0,3
BRDA:968,84,1,1
DA:972,1
DA:972,1
DA:974,3
DA:974,3
BRDA:974,85,0,2
BRDA:974,85,1,1
DA:975,1
DA:975,1
DA:975,2
DA:977,2
DA:977,2
BRDA:977,86,0,1
BRDA:977,86,1,1
DA:980,1
DA:980,1
DA:980,1
DA:981,1
DA:981,1
DA:983,1
DA:983,1
DA:984,1
DA:984,1
DA:985,1
DA:985,1
FN:985,TandaPay.divideShortFall
FNDA:4,TandaPay.divideShortFall
DA:988,4
DA:988,4
DA:988,4
DA:990,4
DA:990,4
DA:991,4
DA:991,4
BRDA:987,87,0,3
BRDA:987,87,1,1
DA:995,1
DA:995,1
DA:995,3
BRDA:995,88,0,2
BRDA:995,88,1,1
DA:997,1
DA:997,1
DA:997,2
DA:1000,2
DA:1000,2
BRDA:1000,89,0,1
BRDA:1000,89,1,1
DA:1001,1
DA:1001,1
DA:1002,1
DA:1002,1
DA:1004,1
DA:1004,1
DA:1004,1
DA:1004,13
DA:1004,13
DA:1005,13
DA:1005,13
DA:1005,12
DA:1006,12
DA:1006,12
BRDA:1006,90,0,11
BRDA:1006,90,1,1
DA:1009,11
DA:1009,11
DA:1011,11
DA:1011,11
BRDA:1011,91,0,11
BRDA:1011,91,1,1
DA:1011,11
DA:1011,11
DA:1012,10
DA:1012,10
BRDA:1011,92,0,-
BRDA:1011,92,1,11
DA:1014,0
DA:1014,0
DA:1017,11
DA:1017,11
BRDA:1017,93,0,11
BRDA:1017,93,1,1
DA:1019,1
DA:1019,1
DA:1021,1
DA:1021,1
DA:1021,1
DA:1022,1
DA:1022,1
DA:1023,1
DA:1023,1
DA:1025,1
DA:1025,1
DA:1025,1
BRDA:1025,94,0,1
BRDA:1025,94,1,-
DA:1026,1
DA:1026,1
DA:1031,1
DA:1031,1
DA:1033,13
DA:1033,13
DA:1033,13
DA:1033,13
DA:1034,12
DA:1034,12
DA:1035,12
DA:1035,12
BRDA:1035,95,0,11
BRDA:1035,95,1,11
DA:1036,11
DA:1036,11
BRDA:1036,96,0,11
BRDA:1036,96,1,11
DA:1037,11
DA:1037,11
DA:1039,1
DA:1039,1
DA:1040,1
DA:1040,1
FN:1044,TandaPay.addAdditionalDay
FNDA:1,TandaPay.addAdditionalDay
DA:1048,1
DA:1048,1
DA:1050,1
DA:1050,1
FN:1052,TandaPay.manualCollapsBySecretary
FNDA:13,TandaPay.manualCollapsBySecretary
DA:1055,13
DA:1055,13
BRDA:1054,97,0,12
BRDA:1054,97,1,1
DA:1059,1
DA:1059,1
DA:1060,12
DA:1060,12
DA:1060,12
DA:1061,12
DA:1061,12
DA:1062,12
DA:1062,12
DA:1063,12
DA:1063,12
DA:1070,12
DA:1070,12
FN:1072,TandaPay.cancelManualCollapsBySecretary
FNDA:3,TandaPay.cancelManualCollapsBySecretary
DA:1073,3
DA:1073,3
BRDA:1073,98,0,2
BRDA:1073,98,1,1
DA:1074,1
DA:1074,1
DA:1078,2
DA:1078,2
BRDA:1078,99,0,1
BRDA:1078,99,1,1
DA:1081,1
DA:1081,1
DA:1082,1
DA:1082,1
DA:1082,1
DA:1085,1
DA:1085,1
FN:1087,TandaPay.leaveFromASubGroup
FNDA:2,TandaPay.leaveFromASubGroup
DA:1087,2
DA:1087,2
DA:1090,2
DA:1090,2
DA:1095,2
DA:1095,2
DA:1095,2
BRDA:1095,100,0,1
BRDA:1095,100,1,1
DA:1096,1
DA:1096,1
DA:1096,1
DA:1097,1
DA:1097,1
DA:1097,1
DA:1098,1
DA:1098,1
DA:1098,5
DA:1099,5
DA:1099,5
DA:1099,4
BRDA:1099,101,0,4
BRDA:1099,101,1,1
DA:1101,1
DA:1101,1
DA:1103,1
DA:1103,1
DA:1105,1
DA:1105,1
DA:1105,1
DA:1108,1
DA:1108,1
DA:1109,1
DA:1109,1
DA:1110,1
DA:1110,1
DA:1111,1
DA:1111,1
DA:1112,1
DA:1112,1
DA:1114,1
DA:1114,1
BRDA:1114,102,0,3
BRDA:1114,102,1,1
DA:1115,1
DA:1115,1
DA:1117,1
DA:1117,1
DA:1117,4
DA:1117,4
DA:1120,3
DA:1120,3
DA:1123,3
DA:1123,3
DA:1124,3
DA:1124,3
DA:1125,3
DA:1125,3
DA:1127,3
DA:1127,3
DA:1128,3
DA:1128,3
DA:1130,3
DA:1130,3
DA:1131,1
DA:1131,1
FN:1133,TandaPay.AdvanceToTheNextPeriod
FNDA:145,TandaPay.AdvanceToTheNextPeriod
DA:1135,145
DA:1135,145
DA:1135,145
DA:1138,6
DA:1138,6
BRDA:1134,103,0,144
BRDA:1134,103,1,1
DA:1139,1
DA:1139,1
DA:1141,144
DA:1141,144
DA:1141,144
DA:1142,69
DA:1142,69
BRDA:1141,104,0,143
BRDA:1141,104,1,1
DA:1143,1
DA:1143,1
DA:1144,143
DA:1144,143
DA:1145,143
DA:1145,143
BRDA:1145,105,0,5
BRDA:1145,105,1,1
DA:1147,5
DA:1147,5
DA:1147,5
DA:1147,5
DA:1147,5
DA:1147,5
DA:1147,5
DA:1148,3
DA:1148,3
DA:1149,2
DA:1149,2
DA:1150,1
DA:1150,1
DA:1152,1
DA:1152,1
DA:1153,1
DA:1153,1
BRDA:1146,106,0,5
BRDA:1146,106,1,1
DA:1154,1
DA:1154,1
DA:1155,143
DA:1155,143
DA:1156,143
DA:1156,143
DA:1159,143
DA:1159,143
BRDA:1159,107,0,12
BRDA:1159,107,1,4
DA:1159,0
DA:1162,143
DA:1162,143
DA:1162,572
DA:1162,572
DA:1162,572
DA:1163,429
DA:1163,429
DA:1165,429
DA:1165,429
DA:1165,429
DA:1165,6
BRDA:1165,108,0,12
BRDA:1165,108,1,4
DA:1167,6
DA:1167,6
DA:1168,18
DA:1168,18
DA:1170,18
DA:1170,18
DA:1171,12
DA:1171,12
DA:1177,12
DA:1177,12
BRDA:1177,109,0,12
BRDA:1177,109,1,4
DA:1183,4
DA:1183,4
DA:1184,4
DA:1184,4
DA:1185,4
DA:1185,4
DA:1189,4
DA:1189,4
DA:1189,4
DA:1191,4
DA:1191,4
DA:1194,143
DA:1194,143
DA:1194,143
DA:1194,1859
DA:1194,1859
DA:1194,1859
DA:1195,1716
DA:1195,1716
BRDA:1195,110,0,1716
BRDA:1195,110,1,764
DA:1196,764
DA:1196,764
DA:1197,143
DA:1197,143
BRDA:1197,111,0,67
BRDA:1197,111,1,1
DA:1197,68
BRDA:1197,112,0,67
BRDA:1197,112,1,1
DA:1198,1
DA:1198,1
DA:1198,67
DA:1200,142
DA:1200,142
DA:1201,142
DA:1201,142
DA:1202,142
DA:1202,142
FN:1204,TandaPay.updateMemberStatus
FNDA:145,TandaPay.updateMemberStatus
DA:1205,145
DA:1205,145
DA:1205,1885
DA:1205,1885
DA:1205,1885
DA:1206,1740
DA:1206,1740
DA:1207,1740
DA:1207,1740
DA:1207,1740
DA:1207,1740
DA:1208,1740
DA:1208,1740
DA:1209,828
DA:1209,828
BRDA:1207,113,0,35
BRDA:1207,113,1,5
DA:1210,827
BRDA:1210,114,0,792
BRDA:1210,114,1,35
DA:1211,792
DA:1211,792
DA:1214,35
DA:1214,35
DA:1214,35
DA:1217,15
DA:1217,15
BRDA:1213,115,0,35
BRDA:1213,115,1,5
DA:1219,5
DA:1219,5
DA:1223,827
DA:1223,827
DA:1223,827
DA:1225,779
DA:1225,779
BRDA:1221,116,0,827
BRDA:1221,116,1,23
DA:1227,23
DA:1227,23
DA:1229,23
DA:1229,23
DA:1231,827
DA:1231,827
DA:1231,827
DA:1231,827
DA:1232,48
DA:1232,48
DA:1235,40
DA:1235,40
BRDA:1231,117,0,827
BRDA:1231,117,1,4
DA:1237,4
DA:1237,4
DA:1237,4
DA:1240,827
DA:1240,827
FN:1241,TandaPay.withdrawClaimFund
FNDA:9,TandaPay.withdrawClaimFund
DA:1243,9
DA:1243,9
DA:1243,9
DA:1244,9
DA:1244,9
DA:1246,8
DA:1246,8
DA:1247,8
DA:1247,8
BRDA:1243,118,0,8
BRDA:1243,118,1,1
DA:1248,1
DA:1248,1
DA:1249,8
DA:1249,8
DA:1250,8
DA:1250,8
DA:1250,8
DA:1255,8
DA:1255,8
BRDA:1255,119,0,7
BRDA:1255,119,1,1
DA:1256,1
DA:1256,1
DA:1258,7
DA:1258,7
BRDA:1257,120,0,6
BRDA:1257,120,1,1
DA:1258,1
DA:1259,6
BRDA:1259,121,0,5
BRDA:1259,121,1,1
DA:1259,1
DA:1261,5
DA:1261,5
BRDA:1261,122,0,5
BRDA:1261,122,1,-
DA:1263,0
DA:1263,0
DA:1264,5
DA:1264,5
DA:1265,5
DA:1265,5
DA:1266,5
DA:1266,5
DA:1267,5
DA:1267,5
DA:1267,10
DA:1267,10
DA:1268,5
BRDA:1268,123,0,5
BRDA:1268,123,1,5
DA:1273,5
DA:1273,5
DA:1274,5
DA:1274,5
DA:1275,5
DA:1275,5
DA:1277,5
DA:1277,5
DA:1277,5
DA:1278,5
DA:1278,5
DA:1278,65
DA:1278,65
DA:1279,65
DA:1279,65
DA:1279,60
BRDA:1279,124,0,60
BRDA:1279,124,1,55
DA:1281,55
DA:1281,55
DA:1283,5
DA:1283,5
DA:1284,5
BRDA:1284,125,0,5
BRDA:1284,125,1,3
DA:1284,3
DA:1285,3
DA:1285,3
DA:1286,5
DA:1286,5
DA:1287,5
DA:1287,5
DA:1288,5
DA:1288,5
DA:1288,65
DA:1288,65
DA:1289,65
DA:1289,65
DA:1290,60
DA:1290,60
DA:1292,60
DA:1292,60
BRDA:1292,126,0,60
BRDA:1292,126,1,55
DA:1294,55
DA:1294,55
DA:1297,55
DA:1297,55
DA:1297,5
BRDA:1297,127,0,11
BRDA:1297,127,1,11
DA:1299,3
DA:1299,3
DA:1300,8
DA:1300,8
DA:1300,8
DA:1300,5
DA:1307,5
DA:1307,5
DA:1307,5
DA:1309,5
DA:1309,5
DA:1311,5
DA:1311,5
DA:1312,16
DA:1312,16
DA:1312,16
DA:1312,11
DA:1317,11
DA:1317,11
BRDA:1317,128,0,11
BRDA:1317,128,1,-
DA:1318,11
DA:1318,11
DA:1321,11
DA:1321,11
DA:1321,11
DA:1322,0
DA:1322,0
BRDA:1319,129,0,11
BRDA:1319,129,1,-
DA:1324,0
DA:1324,0
DA:1328,5
DA:1328,5
DA:1329,5
DA:1329,5
DA:1329,5
DA:1330,16
DA:1330,16
DA:1330,16
DA:1330,11
DA:1336,11
DA:1336,11
BRDA:1336,130,0,11
BRDA:1336,130,1,11
DA:1337,11
DA:1337,11
DA:1338,11
DA:1338,11
DA:1340,5
DA:1340,5
BRDA:1340,131,0,4
BRDA:1340,131,1,-
DA:1342,4
DA:1342,4
DA:1343,4
DA:1343,4
DA:1344,4
DA:1344,4
DA:1346,1
DA:1346,1
DA:1347,1
DA:1347,1
FN:1348,TandaPay.submitClaim
FNDA:31,TandaPay.submitClaim
DA:1349,31
DA:1349,31
DA:1349,31
DA:1350,31
DA:1350,31
DA:1351,30
DA:1351,30
BRDA:1348,132,0,30
BRDA:1348,132,1,1
DA:1353,1
DA:1353,1
DA:1355,30
DA:1355,30
DA:1355,30
DA:1355,30
BRDA:1354,133,0,29
BRDA:1354,133,1,1
DA:1359,1
DA:1359,1
DA:1360,29
DA:1360,29
DA:1361,29
DA:1361,29
BRDA:1360,134,0,28
BRDA:1360,134,1,1
DA:1362,28
DA:1362,28
DA:1363,1
DA:1363,1
DA:1364,28
DA:1364,28
DA:1366,28
DA:1366,28
DA:1367,28
DA:1367,28
DA:1369,28
DA:1369,28
DA:1370,28
DA:1370,28
DA:1373,28
DA:1373,28
DA:1375,28
DA:1375,28
FN:1376,TandaPay.issueRefund
FNDA:31,TandaPay.issueRefund
DA:1378,31
DA:1378,31
DA:1378,31
DA:1378,31
DA:1383,31
DA:1383,31
DA:1383,31
BRDA:1378,135,0,30
BRDA:1378,135,1,1
DA:1386,1
DA:1386,1
DA:1387,30
DA:1387,30
BRDA:1387,136,0,29
BRDA:1387,136,1,1
DA:1387,1
DA:1389,29
DA:1389,29
DA:1389,377
DA:1390,377
DA:1390,377
DA:1391,377
DA:1391,377
DA:1392,348
DA:1392,348
DA:1393,348
DA:1393,348
BRDA:1393,137,0,348
BRDA:1393,137,1,2
DA:1394,2
DA:1394,2
DA:1396,2
DA:1396,2
DA:1399,2
DA:1399,2
DA:1400,348
DA:1400,348
DA:1400,348
DA:1400,348
DA:1400,348
DA:1402,348
DA:1402,348
BRDA:1399,138,0,24
BRDA:1399,138,1,307
DA:1405,331
DA:1405,331
DA:1405,331
DA:1409,24
DA:1409,24
BRDA:1405,139,0,24
BRDA:1405,139,1,307
DA:1410,24
DA:1410,24
DA:1412,24
DA:1412,24
DA:1413,24
DA:1413,24
DA:1415,307
DA:1415,307
DA:1418,307
DA:1418,307
DA:1419,307
DA:1419,307
DA:1421,348
DA:1421,348
BRDA:1421,140,0,48
BRDA:1421,140,1,16
DA:1422,48
DA:1422,48
BRDA:1421,141,0,48
BRDA:1421,141,1,16
DA:1423,16
DA:1423,16
DA:1427,16
DA:1427,16
DA:1431,348
DA:1431,348
DA:1431,0
BRDA:1431,142,0,-
BRDA:1431,142,1,-
DA:1432,0
DA:1432,0
DA:1433,0
DA:1433,0
DA:1434,0
DA:1434,0
DA:1435,29
DA:1435,29
FN:1436,TandaPay.withdrawRefund
FNDA:2,TandaPay.withdrawRefund
DA:1438,2
DA:1438,2
DA:1440,2
DA:1440,2
DA:1442,2
DA:1442,2
DA:1444,2
DA:1444,2
BRDA:1444,143,0,1
BRDA:1444,143,1,1
DA:1444,1
DA:1445,1
DA:1445,1
DA:1445,1
FN:1447,TandaPay.getPaymentToken
FNDA:2,TandaPay.getPaymentToken
DA:1448,2
DA:1448,2
DA:1448,2
FN:1449,TandaPay.getCurrentMemberId
FNDA:2466,TandaPay.getCurrentMemberId
DA:1450,2466
DA:1450,2466
FN:1451,TandaPay.getCurrentSubGroupId
FNDA:520,TandaPay.getCurrentSubGroupId
DA:1452,520
DA:1452,520
FN:1453,TandaPay.getCurrentClaimId
FNDA:62,TandaPay.getCurrentClaimId
DA:1455,62
DA:1455,62
FN:1457,TandaPay.getPeriodId
FNDA:284,TandaPay.getPeriodId
DA:1458,284
DA:1458,284
FN:1459,TandaPay.getTotalCoverage
FNDA:80,TandaPay.getTotalCoverage
DA:1459,80
DA:1459,80
FN:1460,TandaPay.getBasePremium
FNDA:230,TandaPay.getBasePremium
DA:1462,230
DA:1462,230
FN:1462,TandaPay.getManuallyCollapsedPeriod
FNDA:6,TandaPay.getManuallyCollapsedPeriod
DA:1466,6
DA:1466,6
FN:1467,TandaPay.getIsManuallyCollapsed
FNDA:8,TandaPay.getIsManuallyCollapsed
DA:1468,8
DA:1468,8
FN:1469,TandaPay.getCommunityState
FNDA:109,TandaPay.getCommunityState
DA:1472,109
DA:1472,109
FN:1473,TandaPay.getSubGroupIdToSubGroupInfo
FNDA:1254,TandaPay.getSubGroupIdToSubGroupInfo
DA:1477,1254
DA:1477,1254
FN:1478,TandaPay.getPeriodIdToClaimIdToClaimInfo
FNDA:42,TandaPay.getPeriodIdToClaimIdToClaimInfo
DA:1482,42
DA:1482,42
FN:1484,TandaPay.getPeriodIdToClaimIds
FNDA:9,TandaPay.getPeriodIdToClaimIds
DA:1488,9
DA:1488,9
FN:1489,TandaPay.getPeriodIdToDefectorsId
FNDA:2,TandaPay.getPeriodIdToDefectorsId
DA:1492,2
DA:1492,2
FN:1495,TandaPay.getPeriodIdToManualCollapse
FNDA:6,TandaPay.getPeriodIdToManualCollapse
DA:1498,6
DA:1498,6
FN:1499,TandaPay.getMemberToMemberId
FNDA:4,TandaPay.getMemberToMemberId
DA:1502,4
DA:1502,4
FN:1504,TandaPay.getPeriodIdWhiteListedClaims
FNDA:2,TandaPay.getPeriodIdWhiteListedClaims
DA:1507,2
DA:1507,2
FN:1509,TandaPay.getMemberToMemberInfo
FNDA:6706,TandaPay.getMemberToMemberInfo
DA:1514,6706
DA:1514,6706
DA:1517,6706
DA:1517,6706
DA:1518,6706
DA:1518,6706
DA:1518,6706
DA:1519,6706
DA:1519,6706
DA:1536,0
DA:1536,0
FN:1537,TandaPay.getIsAMemberDefectedInPeriod
FNDA:2,TandaPay.getIsAMemberDefectedInPeriod
DA:1541,2
DA:1541,2
FN:1543,TandaPay.getPeriodIdToPeriodInfo
FNDA:85,TandaPay.getPeriodIdToPeriodInfo
DA:1547,85
DA:1547,85
FN:1548,TandaPay.getIsAllMemberNotPaidInPeriod
FNDA:0,TandaPay.getIsAllMemberNotPaidInPeriod
DA:1550,0
DA:1550,0
FNF:69
FNH:68
LF:615
LH:583
BRF:294
BRH:273
end_of_record
TN:
SF:src/Token.sol
FN:37,Context._msgSender
FNDA:8200,Context._msgSender
DA:41,8200
DA:41,8200
FN:76,Token.
FNDA:149,Token.
DA:77,150
DA:77,150
DA:78,296
DA:78,296
DA:80,150
DA:80,150
FN:82,Token.name
FNDA:1,Token.name
DA:83,1
DA:83,1
FN:86,Token.symbol
FNDA:1,Token.symbol
DA:87,1
DA:87,1
FN:90,Token.decimals
FNDA:1,Token.decimals
DA:91,1
DA:91,1
FN:93,Token.totalSupply
FNDA:1,Token.totalSupply
DA:95,1
DA:95,1
FN:98,Token.balanceOf
FNDA:1805,Token.balanceOf
DA:99,1805
DA:99,1805
FN:102,Token.transfer
FNDA:5446,Token.transfer
DA:103,5446
DA:103,5446
DA:105,5446
DA:105,5446
DA:106,5446
DA:106,5446
DA:106,5446
FN:107,Token.allowance
FNDA:1711,Token.allowance
DA:112,1711
DA:112,1711
FN:114,Token.approve
FNDA:1049,Token.approve
DA:117,1049
DA:117,1049
DA:119,1049
DA:119,1049
DA:120,1049
DA:120,1049
DA:122,1049
DA:122,1049
FN:122,Token.transferFrom
FNDA:1702,Token.transferFrom
DA:128,1702
DA:128,1702
DA:128,1702
DA:129,1702
DA:129,1702
DA:132,1702
DA:132,1702
DA:132,1702
FN:133,Token.increaseAllowance
FNDA:2,Token.increaseAllowance
DA:137,2
DA:137,2
DA:139,2
DA:139,2
DA:139,2
DA:142,2
DA:142,2
FN:143,Token.decreaseAllowance
FNDA:1,Token.decreaseAllowance
DA:145,1
DA:145,1
DA:148,1
DA:148,1
DA:148,1
DA:149,1
DA:149,1
DA:150,1
DA:150,1
BRDA:150,0,0,1
BRDA:150,0,1,-
DA:152,0
DA:152,0
DA:155,1
DA:155,1
DA:158,1
DA:158,1
FN:159,Token._transfer
FNDA:7148,Token._transfer
DA:162,7148
DA:162,7148
DA:162,7148
BRDA:162,1,0,7148
BRDA:162,1,1,-
DA:162,0
DA:168,7148
DA:168,7148
DA:168,0
BRDA:168,2,0,7148
BRDA:168,2,1,-
DA:168,0
DA:169,7148
DA:169,7148
FN:170,Token._update
FNDA:7298,Token._update
DA:173,7298
DA:173,7298
DA:173,7298
BRDA:173,3,0,149
BRDA:173,3,1,7149
DA:174,151
DA:174,151
DA:178,7149
DA:178,7149
DA:178,7149
BRDA:178,4,0,7150
BRDA:178,4,1,1
DA:179,1
DA:179,1
DA:182,7149
DA:182,7149
DA:184,151
DA:184,151
DA:184,0
BRDA:184,5,0,2
BRDA:184,5,1,7298
DA:185,2
DA:185,2
DA:188,7297
DA:188,7297
DA:191,151
DA:191,151
FN:193,Token._mint
FNDA:295,Token._mint
DA:196,149
DA:196,149
DA:197,149
DA:197,149
BRDA:196,6,0,150
BRDA:196,6,1,2
DA:197,2
DA:201,150
DA:201,150
FN:204,Token._burn
FNDA:1,Token._burn
DA:205,1
DA:205,1
DA:205,1
BRDA:205,7,0,1
BRDA:205,7,1,-
DA:206,0
DA:206,0
DA:208,1
DA:208,1
FN:211,Token._approve
FNDA:1052,Token._approve
DA:213,1052
DA:213,1052
FN:215,Token._approve
FNDA:2754,Token._approve
DA:222,2754
DA:222,2754
DA:222,2754
BRDA:222,8,0,2754
BRDA:222,8,1,-
DA:223,0
DA:223,0
DA:227,2754
DA:227,2754
DA:227,0
BRDA:226,9,0,2754
BRDA:226,9,1,-
DA:228,0
DA:228,0
DA:230,2754
DA:230,2754
DA:232,2754
BRDA:232,10,0,2754
BRDA:232,10,1,1052
DA:233,1052
DA:233,1052
FN:235,Token._spendAllowance
FNDA:1702,Token._spendAllowance
DA:238,1702
DA:238,1702
DA:239,1702
DA:239,1702
DA:240,1702
DA:240,1702
BRDA:240,11,0,1702
BRDA:240,11,1,-
DA:244,1702
DA:244,1702
BRDA:244,12,0,1702
BRDA:244,12,1,-
DA:246,0
DA:246,0
DA:251,1702
DA:251,1702
FNF:20
FNH:20
LF:62
LH:57
BRF:26
BRH:18
end_of_record
TN:
SF:test/Unit/TandaPayAdditional.t.sol
FN:9,AdditionalContext.msgSender
FNDA:1,AdditionalContext.msgSender
DA:10,1
DA:10,1
DA:11,1
DA:11,1
FN:11,AdditionalContext.msgData
FNDA:1,AdditionalContext.msgData
DA:14,1
DA:14,1
DA:15,1
DA:15,1
FN:19,AdditionalSecretary.
FNDA:2,AdditionalSecretary.
FN:20,AdditionalSecretary.transferSecretary
FNDA:1,AdditionalSecretary.transferSecretary
DA:22,1
DA:22,1
FN:27,AdditionalReentrancyGuard.reentrancyGuardEntered
FNDA:2,AdditionalReentrancyGuard.reentrancyGuardEntered
DA:28,2
DA:28,2
DA:28,2
FN:33,AdditionalToken.
FNDA:8,AdditionalToken.
FN:34,AdditionalToken.burn
FNDA:1,AdditionalToken.burn
DA:35,1
DA:35,1
FNF:7
FNH:7
LF:7
LH:7
BRF:0
BRH:0
end_of_record
